Arguments: 
  /opt/homebrew/Cellar/node/15.8.0/bin/node /usr/local/bin/yarn add chart-js react-chartjs-2

PATH: 
  /opt/homebrew/bin:/opt/homebrew/sbin:/opt/homebrew/bin:/opt/homebrew/sbin:/opt/homebrew/bin:/opt/homebrew/sbin:/opt/homebrew/bin:/opt/homebrew/sbin:/usr/local/bin:/usr/bin:/bin:/usr/sbin:/sbin

Yarn version: 
  1.22.10

Node version: 
  15.8.0

Platform: 
  darwin arm64

Trace: 
  Error: https://registry.yarnpkg.com/chart-js: Not found
      at Request.params.callback [as _callback] (/usr/local/lib/node_modules/yarn/lib/cli.js:66988:18)
      at Request.self.callback (/usr/local/lib/node_modules/yarn/lib/cli.js:140662:22)
      at Request.emit (node:events:378:20)
      at Request.<anonymous> (/usr/local/lib/node_modules/yarn/lib/cli.js:141634:10)
      at Request.emit (node:events:378:20)
      at IncomingMessage.<anonymous> (/usr/local/lib/node_modules/yarn/lib/cli.js:141556:12)
      at Object.onceWrapper (node:events:484:28)
      at IncomingMessage.emit (node:events:390:22)
      at endReadableNT (node:internal/streams/readable:1307:12)
      at processTicksAndRejections (node:internal/process/task_queues:81:21)

npm manifest: 
  {
    "name": "cliant",
    "version": "0.1.0",
    "private": true,
    "dependencies": {
      "@date-io/date-fns": "^1.3.13",
      "@googlemaps/js-api-loader": "^1.11.3",
      "@material-ui/core": "^4.11.3",
      "@material-ui/icons": "^4.11.2",
      "@material-ui/lab": "^4.0.0-alpha.57",
      "@material-ui/pickers": "^3.3.10",
      "@material-ui/styles": "^4.11.3",
      "@testing-library/jest-dom": "^5.11.4",
      "@testing-library/react": "^11.1.0",
      "@testing-library/user-event": "^12.1.10",
      "axios": "^0.21.1",
      "chart.js": "^3.3.2",
      "chartjs-plugin-doughnutlabel": "^2.0.3",
      "cloudinary-react": "^1.7.0",
      "date-fns": "^2.22.1",
      "react": "^16.13.0",
      "react-chartjs-2": "^3.0.3",
      "react-dom": "^16.13.0",
      "react-draggable": "^4.4.3",
      "react-google-maps": "^9.4.5",
      "react-router-dom": "^5.2.0",
      "react-script-tag": "^1.1.2",
      "react-scripts": "4.0.3",
      "search-google-place": "^1.1.0",
      "web-vitals": "^1.0.1"
    },
    "scripts": {
      "start": "node --max_old_space_size=2560 node_modules/.bin/react-scripts start",
      "build": "node --max_old_space_size=2560 node_modules/.bin/react-scripts build",
      "test": "react-scripts test",
      "eject": "react-scripts eject"
    },
    "eslintConfig": {
      "extends": [
        "react-app",
        "react-app/jest"
      ]
    },
    "browserslist": {
      "production": [
        ">0.2%",
        "not dead",
        "not op_mini all"
      ],
      "development": [
        "last 1 chrome version",
        "last 1 firefox version",
        "last 1 safari version"
      ]
    },
    "devDependencies": {
      "yarnlock-dedupe-check": "^2.1.0"
    }
  }

yarn manifest: 
  No manifest

Lockfile: 
  No lockfile
